<?xml version="1.0" encoding="UTF-8"?>
<testng-results skipped="0" failed="1" ignored="0" total="1" passed="0">
  <reporter-output>
  </reporter-output>
  <suite name="Default suite" duration-ms="1076" started-at="2020-05-02T13:08:40Z" finished-at="2020-05-02T13:08:41Z">
    <groups>
    </groups>
    <test name="Default test" duration-ms="1076" started-at="2020-05-02T13:08:40Z" finished-at="2020-05-02T13:08:41Z">
      <class name="Runner.TestRunner">
        <test-method status="PASS" signature="setUpClass()[pri:0, instance:Runner.TestRunner@5b87ed94]" name="setUpClass" is-config="true" duration-ms="369" started-at="2020-05-02T13:08:40Z" finished-at="2020-05-02T13:08:40Z">
          <reporter-output>
          </reporter-output>
        </test-method> <!-- setUpClass -->
        <test-method status="FAIL" signature="feature(cucumber.api.testng.CucumberFeatureWrapper)[pri:0, instance:Runner.TestRunner@5b87ed94]" name="feature" duration-ms="270" started-at="2020-05-02T13:08:40Z" description="Runs Cucumber Feature" data-provider="features" finished-at="2020-05-02T13:08:41Z">
          <params>
            <param index="0">
              <value>
                <![CDATA[Test Normal Driving Speed Simulator]]>
              </value>
            </param>
          </params>
          <exception class="cucumber.runtime.CucumberException">
            <message>
              <![CDATA[cucumber.runtime.CucumberException: Failed to instantiate class StepDefination.NomalModeTest]]>
            </message>
            <full-stacktrace>
              <![CDATA[cucumber.runtime.CucumberException: cucumber.runtime.CucumberException: Failed to instantiate class StepDefination.NomalModeTest
at cucumber.api.testng.TestNGCucumberRunner.runCucumber(TestNGCucumberRunner.java:69)
at Runner.TestRunner.feature(TestRunner.java:38)
at sun.reflect.NativeMethodAccessorImpl.invoke0(Native Method)
at sun.reflect.NativeMethodAccessorImpl.invoke(NativeMethodAccessorImpl.java:62)
at sun.reflect.DelegatingMethodAccessorImpl.invoke(DelegatingMethodAccessorImpl.java:43)
at java.lang.reflect.Method.invoke(Method.java:498)
at org.testng.internal.MethodInvocationHelper.invokeMethod(MethodInvocationHelper.java:124)
at org.testng.internal.Invoker.invokeMethod(Invoker.java:583)
at org.testng.internal.Invoker.invokeTestMethod(Invoker.java:719)
at org.testng.internal.Invoker.invokeTestMethods(Invoker.java:989)
at org.testng.internal.TestMethodWorker.invokeTestMethods(TestMethodWorker.java:125)
at org.testng.internal.TestMethodWorker.run(TestMethodWorker.java:109)
at org.testng.TestRunner.privateRun(TestRunner.java:648)
at org.testng.TestRunner.run(TestRunner.java:505)
at org.testng.SuiteRunner.runTest(SuiteRunner.java:455)
at org.testng.SuiteRunner.runSequentially(SuiteRunner.java:450)
at org.testng.SuiteRunner.privateRun(SuiteRunner.java:415)
at org.testng.SuiteRunner.run(SuiteRunner.java:364)
at org.testng.SuiteRunnerWorker.runSuite(SuiteRunnerWorker.java:52)
at org.testng.SuiteRunnerWorker.run(SuiteRunnerWorker.java:84)
at org.testng.TestNG.runSuitesSequentially(TestNG.java:1208)
at org.testng.TestNG.runSuitesLocally(TestNG.java:1137)
at org.testng.TestNG.runSuites(TestNG.java:1049)
at org.testng.TestNG.run(TestNG.java:1017)
at org.testng.remote.AbstractRemoteTestNG.run(AbstractRemoteTestNG.java:114)
at org.testng.remote.RemoteTestNG.initAndRun(RemoteTestNG.java:251)
at org.testng.remote.RemoteTestNG.main(RemoteTestNG.java:77)
Caused by: cucumber.runtime.CucumberException: Failed to instantiate class StepDefination.NomalModeTest
at cucumber.runtime.java.DefaultJavaObjectFactory.cacheNewInstance(DefaultJavaObjectFactory.java:47)
at cucumber.runtime.java.DefaultJavaObjectFactory.getInstance(DefaultJavaObjectFactory.java:33)
at cucumber.runtime.java.JavaStepDefinition.execute(JavaStepDefinition.java:38)
at cucumber.runtime.StepDefinitionMatch.runStep(StepDefinitionMatch.java:37)
at cucumber.runtime.Runtime.runStep(Runtime.java:300)
at cucumber.runtime.model.StepContainer.runStep(StepContainer.java:44)
at cucumber.runtime.model.StepContainer.runSteps(StepContainer.java:39)
at cucumber.runtime.model.CucumberScenario.run(CucumberScenario.java:44)
at cucumber.runtime.model.CucumberFeature.run(CucumberFeature.java:165)
at cucumber.api.testng.TestNGCucumberRunner.runCucumber(TestNGCucumberRunner.java:63)
... 26 more
Caused by: java.lang.reflect.InvocationTargetException
at sun.reflect.NativeConstructorAccessorImpl.newInstance0(Native Method)
at sun.reflect.NativeConstructorAccessorImpl.newInstance(NativeConstructorAccessorImpl.java:62)
at sun.reflect.DelegatingConstructorAccessorImpl.newInstance(DelegatingConstructorAccessorImpl.java:45)
at java.lang.reflect.Constructor.newInstance(Constructor.java:423)
at cucumber.runtime.java.DefaultJavaObjectFactory.cacheNewInstance(DefaultJavaObjectFactory.java:41)
... 35 more
Caused by: java.lang.StackOverflowError
at Pages.NormalMode.<init>(NormalMode.java:23)
at Pages.NormalMode.<init>(NormalMode.java:23)
at Pages.NormalMode.<init>(NormalMode.java:23)
at Pages.NormalMode.<init>(NormalMode.java:23)
at Pages.NormalMode.<init>(NormalMode.java:23)
at Pages.NormalMode.<init>(NormalMode.java:23)
at Pages.NormalMode.<init>(NormalMode.java:23)
at Pages.NormalMode.<init>(NormalMode.java:23)
at Pages.NormalMode.<init>(NormalMode.java:23)
at Pages.NormalMode.<init>(NormalMode.java:23)
at Pages.NormalMode.<init>(NormalMode.java:23)
at Pages.NormalMode.<init>(NormalMode.java:23)
at Pages.NormalMode.<init>(NormalMode.java:23)
at Pages.NormalMode.<init>(NormalMode.java:23)
at Pages.NormalMode.<init>(NormalMode.java:23)
at Pages.NormalMode.<init>(NormalMode.java:23)
at Pages.NormalMode.<init>(NormalMode.java:23)
at Pages.NormalMode.<init>(NormalMode.java:23)
at Pages.NormalMode.<init>(NormalMode.java:23)
at Pages.NormalMode.<init>(NormalMode.java:23)
at Pages.NormalMode.<init>(NormalMode.java:23)
at Pages.NormalMode.<init>(NormalMode.java:23)
at Pages.NormalMode.<init>(NormalMode.java:23)
at Pages.NormalMode.<init>(NormalMode.java:23)
at Pages.NormalMode.<init>(NormalMode.java:23)
at Pages.NormalMode.<init>(NormalMode.java:23)
at Pages.NormalMode.<init>(NormalMode.java:23)
at Pages.NormalMode.<init>(NormalMode.java:23)
at Pages.NormalMode.<init>(NormalMode.java:23)
at Pages.NormalMode.<init>(NormalMode.java:23)
at Pages.NormalMode.<init>(NormalMode.java:23)
at Pages.NormalMode.<init>(NormalMode.java:23)
at Pages.NormalMode.<init>(NormalMode.java:23)
at Pages.NormalMode.<init>(NormalMode.java:23)
at Pages.NormalMode.<init>(NormalMode.java:23)
at Pages.NormalMode.<init>(NormalMode.java:23)
at Pages.NormalMode.<init>(NormalMode.java:23)
at Pages.NormalMode.<init>(NormalMode.java:23)
at Pages.NormalMode.<init>(NormalMode.java:23)
at Pages.NormalMode.<init>(NormalMode.java:23)
at Pages.NormalMode.<init>(NormalMode.java:23)
at Pages.NormalMode.<init>(NormalMode.java:23)
at Pages.NormalMode.<init>(NormalMode.java:23)
at Pages.NormalMode.<init>(NormalMode.java:23)
at Pages.NormalMode.<init>(NormalMode.java:23)
at Pages.NormalMode.<init>(NormalMode.java:23)
at Pages.NormalMode.<init>(NormalMode.java:23)
at Pages.NormalMode.<init>(NormalMode.java:23)
at Pages.NormalMode.<init>(NormalMode.java:23)
at Pages.NormalMode.<init>(NormalMode.java:23)
at Pages.NormalMode.<init>(NormalMode.java:23)
at Pages.NormalMode.<init>(NormalMode.java:23)
at Pages.NormalMode.<init>(NormalMode.java:23)
at Pages.NormalMode.<init>(NormalMode.java:23)
at Pages.NormalMode.<init>(NormalMode.java:23)
at Pages.NormalMode.<init>(NormalMode.java:23)
at Pages.NormalMode.<init>(NormalMode.java:23)
at Pages.NormalMode.<init>(NormalMode.java:23)
at Pages.NormalMode.<init>(NormalMode.java:23)
at Pages.NormalMode.<init>(NormalMode.java:23)
at Pages.NormalMode.<init>(NormalMode.java:23)
at Pages.NormalMode.<init>(NormalMode.java:23)
at Pages.NormalMode.<init>(NormalMode.java:23)
at Pages.NormalMode.<init>(NormalMode.java:23)
at Pages.NormalMode.<init>(NormalMode.java:23)
at Pages.NormalMode.<init>(NormalMode.java:23)
at Pages.NormalMode.<init>(NormalMode.java:23)
at Pages.NormalMode.<init>(NormalMode.java:23)
at Pages.NormalMode.<init>(NormalMode.java:23)
at Pages.NormalMode.<init>(NormalMode.java:23)
at Pages.NormalMode.<init>(NormalMode.java:23)
at Pages.NormalMode.<init>(NormalMode.java:23)
at Pages.NormalMode.<init>(NormalMode.java:23)
at Pages.NormalMode.<init>(NormalMode.java:23)
at Pages.NormalMode.<init>(NormalMode.java:23)
at Pages.NormalMode.<init>(NormalMode.java:23)
at Pages.NormalMode.<init>(NormalMode.java:23)
at Pages.NormalMode.<init>(NormalMode.java:23)
at Pages.NormalMode.<init>(NormalMode.java:23)
at Pages.NormalMode.<init>(NormalMode.java:23)
at Pages.NormalMode.<init>(NormalMode.java:23)
at Pages.NormalMode.<init>(NormalMode.java:23)
at Pages.NormalMode.<init>(NormalMode.java:23)
at Pages.NormalMode.<init>(NormalMode.java:23)
at Pages.NormalMode.<init>(NormalMode.java:23)
at Pages.NormalMode.<init>(NormalMode.java:23)
at Pages.NormalMode.<init>(NormalMode.java:23)
at Pages.NormalMode.<init>(NormalMode.java:23)
at Pages.NormalMode.<init>(NormalMode.java:23)
at Pages.NormalMode.<init>(NormalMode.java:23)
at Pages.NormalMode.<init>(NormalMode.java:23)
at Pages.NormalMode.<init>(NormalMode.java:23)
at Pages.NormalMode.<init>(NormalMode.java:23)
at Pages.NormalMode.<init>(NormalMode.java:23)
at Pages.NormalMode.<init>(NormalMode.java:23)
at Pages.NormalMode.<init>(NormalMode.java:23)
at Pages.NormalMode.<init>(NormalMode.java:23)
at Pages.NormalMode.<init>(NormalMode.java:23)
at Pages.NormalMode.<init>(NormalMode.java:23)
at Pages.NormalMode.<init>(NormalMode.java:23)
at Pages.NormalMode.<init>(NormalMode.java:23)
at Pages.NormalMode.<init>(NormalMode.java:23)
at Pages.NormalMode.<init>(NormalMode.java:23)
at Pages.NormalMode.<init>(NormalMode.java:23)
at Pages.NormalMode.<init>(NormalMode.java:23)
at Pages.NormalMode.<init>(NormalMode.java:23)
at Pages.NormalMode.<init>(NormalMode.java:23)
at Pages.NormalMode.<init>(NormalMode.java:23)
at Pages.NormalMode.<init>(NormalMode.java:23)
at Pages.NormalMode.<init>(NormalMode.java:23)
at Pages.NormalMode.<init>(NormalMode.java:23)
at Pages.NormalMode.<init>(NormalMode.java:23)
at Pages.NormalMode.<init>(NormalMode.java:23)
at Pages.NormalMode.<init>(NormalMode.java:23)
at Pages.NormalMode.<init>(NormalMode.java:23)
at Pages.NormalMode.<init>(NormalMode.java:23)
at Pages.NormalMode.<init>(NormalMode.java:23)
at Pages.NormalMode.<init>(NormalMode.java:23)
at Pages.NormalMode.<init>(NormalMode.java:23)
at Pages.NormalMode.<init>(NormalMode.java:23)
at Pages.NormalMode.<init>(NormalMode.java:23)
at Pages.NormalMode.<init>(NormalMode.java:23)
at Pages.NormalMode.<init>(NormalMode.java:23)
at Pages.NormalMode.<init>(NormalMode.java:23)
at Pages.NormalMode.<init>(NormalMode.java:23)
at Pages.NormalMode.<init>(NormalMode.java:23)
at Pages.NormalMode.<init>(NormalMode.java:23)
at Pages.NormalMode.<init>(NormalMode.java:23)
at Pages.NormalMode.<init>(NormalMode.java:23)
at Pages.NormalMode.<init>(NormalMode.java:23)
at Pages.NormalMode.<init>(NormalMode.java:23)
at Pages.NormalMode.<init>(NormalMode.java:23)
at Pages.NormalMode.<init>(NormalMode.java:23)
at Pages.NormalMode.<init>(NormalMode.java:23)
at Pages.NormalMode.<init>(NormalMode.java:23)
at Pages.NormalMode.<init>(NormalMode.java:23)
at Pages.NormalMode.<init>(NormalMode.java:23)
at Pages.NormalMode.<init>(NormalMode.java:23)
at Pages.NormalMode.<init>(NormalMode.java:23)
at Pages.NormalMode.<init>(NormalMode.java:23)
at Pages.NormalMode.<init>(NormalMode.java:23)
at Pages.NormalMode.<init>(NormalMode.java:23)
at Pages.NormalMode.<init>(NormalMode.java:23)
at Pages.NormalMode.<init>(NormalMode.java:23)
at Pages.NormalMode.<init>(NormalMode.java:23)
at Pages.NormalMode.<init>(NormalMode.java:23)
at Pages.NormalMode.<init>(NormalMode.java:23)
at Pages.NormalMode.<init>(NormalMode.java:23)
at Pages.NormalMode.<init>(NormalMode.java:23)
at Pages.NormalMode.<init>(NormalMode.java:23)
at Pages.NormalMode.<init>(NormalMode.java:23)
at Pages.NormalMode.<init>(NormalMode.java:23)
at Pages.NormalMode.<init>(NormalMode.java:23)
at Pages.NormalMode.<init>(NormalMode.java:23)
at Pages.NormalMode.<init>(NormalMode.java:23)
at Pages.NormalMode.<init>(NormalMode.java:23)
at Pages.NormalMode.<init>(NormalMode.java:23)
at Pages.NormalMode.<init>(NormalMode.java:23)
at Pages.NormalMode.<init>(NormalMode.java:23)
at Pages.NormalMode.<init>(NormalMode.java:23)
at Pages.NormalMode.<init>(NormalMode.java:23)
at Pages.NormalMode.<init>(NormalMode.java:23)
at Pages.NormalMode.<init>(NormalMode.java:23)
at Pages.NormalMode.<init>(NormalMode.java:23)
at Pages.NormalMode.<init>(NormalMode.java:23)
at Pages.NormalMode.<init>(NormalMode.java:23)
at Pages.NormalMode.<init>(NormalMode.java:23)
at Pages.NormalMode.<init>(NormalMode.java:23)
at Pages.NormalMode.<init>(NormalMode.java:23)
at Pages.NormalMode.<init>(NormalMode.java:23)
at Pages.NormalMode.<init>(NormalMode.java:23)
at Pages.NormalMode.<init>(NormalMode.java:23)
at Pages.NormalMode.<init>(NormalMode.java:23)
at Pages.NormalMode.<init>(NormalMode.java:23)
at Pages.NormalMode.<init>(NormalMode.java:23)
at Pages.NormalMode.<init>(NormalMode.java:23)
at Pages.NormalMode.<init>(NormalMode.java:23)
at Pages.NormalMode.<init>(NormalMode.java:23)
at Pages.NormalMode.<init>(NormalMode.java:23)
at Pages.NormalMode.<init>(NormalMode.java:23)
at Pages.NormalMode.<init>(NormalMode.java:23)
at Pages.NormalMode.<init>(NormalMode.java:23)
at Pages.NormalMode.<init>(NormalMode.java:23)
at Pages.NormalMode.<init>(NormalMode.java:23)
at Pages.NormalMode.<init>(NormalMode.java:23)
at Pages.NormalMode.<init>(NormalMode.java:23)
at Pages.NormalMode.<init>(NormalMode.java:23)
at Pages.NormalMode.<init>(NormalMode.java:23)
at Pages.NormalMode.<init>(NormalMode.java:23)
at Pages.NormalMode.<init>(NormalMode.java:23)
at Pages.NormalMode.<init>(NormalMode.java:23)
at Pages.NormalMode.<init>(NormalMode.java:23)
at Pages.NormalMode.<init>(NormalMode.java:23)
at Pages.NormalMode.<init>(NormalMode.java:23)
at Pages.NormalMode.<init>(NormalMode.java:23)
at Pages.NormalMode.<init>(NormalMode.java:23)
at Pages.NormalMode.<init>(NormalMode.java:23)
at Pages.NormalMode.<init>(NormalMode.java:23)
at Pages.NormalMode.<init>(NormalMode.java:23)
at Pages.NormalMode.<init>(NormalMode.java:23)
at Pages.NormalMode.<init>(NormalMode.java:23)
at Pages.NormalMode.<init>(NormalMode.java:23)
at Pages.NormalMode.<init>(NormalMode.java:23)
at Pages.NormalMode.<init>(NormalMode.java:23)
at Pages.NormalMode.<init>(NormalMode.java:23)
at Pages.NormalMode.<init>(NormalMode.java:23)
at Pages.NormalMode.<init>(NormalMode.java:23)
at Pages.NormalMode.<init>(NormalMode.java:23)
at Pages.NormalMode.<init>(NormalMode.java:23)
at Pages.NormalMode.<init>(NormalMode.java:23)
at Pages.NormalMode.<init>(NormalMode.java:23)
at Pages.NormalMode.<init>(NormalMode.java:23)
at Pages.NormalMode.<init>(NormalMode.java:23)
at Pages.NormalMode.<init>(NormalMode.java:23)
at Pages.NormalMode.<init>(NormalMode.java:23)
at Pages.NormalMode.<init>(NormalMode.java:23)
at Pages.NormalMode.<init>(NormalMode.java:23)
at Pages.NormalMode.<init>(NormalMode.java:23)
at Pages.NormalMode.<init>(NormalMode.java:23)
at Pages.NormalMode.<init>(NormalMode.java:23)
at Pages.NormalMode.<init>(NormalMode.java:23)
at Pages.NormalMode.<init>(NormalMode.java:23)
at Pages.NormalMode.<init>(NormalMode.java:23)
at Pages.NormalMode.<init>(NormalMode.java:23)
at Pages.NormalMode.<init>(NormalMode.java:23)
at Pages.NormalMode.<init>(NormalMode.java:23)
at Pages.NormalMode.<init>(NormalMode.java:23)
at Pages.NormalMode.<init>(NormalMode.java:23)
at Pages.NormalMode.<init>(NormalMode.java:23)
at Pages.NormalMode.<init>(NormalMode.java:23)
at Pages.NormalMode.<init>(NormalMode.java:23)
at Pages.NormalMode.<init>(NormalMode.java:23)
at Pages.NormalMode.<init>(NormalMode.java:23)
at Pages.NormalMode.<init>(NormalMode.java:23)
at Pages.NormalMode.<init>(NormalMode.java:23)
at Pages.NormalMode.<init>(NormalMode.java:23)
at Pages.NormalMode.<init>(NormalMode.java:23)
at Pages.NormalMode.<init>(NormalMode.java:23)
at Pages.NormalMode.<init>(NormalMode.java:23)
at Pages.NormalMode.<init>(NormalMode.java:23)
at Pages.NormalMode.<init>(NormalMode.java:23)
at Pages.NormalMode.<init>(NormalMode.java:23)
at Pages.NormalMode.<init>(NormalMode.java:23)
at Pages.NormalMode.<init>(NormalMode.java:23)
at Pages.NormalMode.<init>(NormalMode.java:23)
at Pages.NormalMode.<init>(NormalMode.java:23)
at Pages.NormalMode.<init>(NormalMode.java:23)
at Pages.NormalMode.<init>(NormalMode.java:23)
at Pages.NormalMode.<init>(NormalMode.java:23)
at Pages.NormalMode.<init>(NormalMode.java:23)
at Pages.NormalMode.<init>(NormalMode.java:23)
at Pages.NormalMode.<init>(NormalMode.java:23)
at Pages.NormalMode.<init>(NormalMode.java:23)
at Pages.NormalMode.<init>(NormalMode.java:23)
at Pages.NormalMode.<init>(NormalMode.java:23)
at Pages.NormalMode.<init>(NormalMode.java:23)
at Pages.NormalMode.<init>(NormalMode.java:23)
at Pages.NormalMode.<init>(NormalMode.java:23)
at Pages.NormalMode.<init>(NormalMode.java:23)
at Pages.NormalMode.<init>(NormalMode.java:23)
at Pages.NormalMode.<init>(NormalMode.java:23)
at Pages.NormalMode.<init>(NormalMode.java:23)
at Pages.NormalMode.<init>(NormalMode.java:23)
at Pages.NormalMode.<init>(NormalMode.java:23)
at Pages.NormalMode.<init>(NormalMode.java:23)
at Pages.NormalMode.<init>(NormalMode.java:23)
at Pages.NormalMode.<init>(NormalMode.java:23)
at Pages.NormalMode.<init>(NormalMode.java:23)
at Pages.NormalMode.<init>(NormalMode.java:23)
at Pages.NormalMode.<init>(NormalMode.java:23)
at Pages.NormalMode.<init>(NormalMode.java:23)
at Pages.NormalMode.<init>(NormalMode.java:23)
at Pages.NormalMode.<init>(NormalMode.java:23)
at Pages.NormalMode.<init>(NormalMode.java:23)
at Pages.NormalMode.<init>(NormalMode.java:23)
at Pages.NormalMode.<init>(NormalMode.java:23)
at Pages.NormalMode.<init>(NormalMode.java:23)
at Pages.NormalMode.<init>(NormalMode.java:23)
at Pages.NormalMode.<init>(NormalMode.java:23)
at Pages.NormalMode.<init>(NormalMode.java:23)
at Pages.NormalMode.<init>(NormalMode.java:23)
at Pages.NormalMode.<init>(NormalMode.java:23)
at Pages.NormalMode.<init>(NormalMode.java:23)
at Pages.NormalMode.<init>(NormalMode.java:23)
at Pages.NormalMode.<init>(NormalMode.java:23)
at Pages.NormalMode.<init>(NormalMode.java:23)
at Pages.NormalMode.<init>(NormalMode.java:23)
at Pages.NormalMode.<init>(NormalMode.java:23)
at Pages.NormalMode.<init>(NormalMode.java:23)
at Pages.NormalMode.<init>(NormalMode.java:23)
at Pages.NormalMode.<init>(NormalMode.java:23)
at Pages.NormalMode.<init>(NormalMode.java:23)
at Pages.NormalMode.<init>(NormalMode.java:23)
at Pages.NormalMode.<init>(NormalMode.java:23)
at Pages.NormalMode.<init>(NormalMode.java:23)
at Pages.NormalMode.<init>(NormalMode.java:23)
at Pages.NormalMode.<init>(NormalMode.java:23)
at Pages.NormalMode.<init>(NormalMode.java:23)
at Pages.NormalMode.<init>(NormalMode.java:23)
at Pages.NormalMode.<init>(NormalMode.java:23)
at Pages.NormalMode.<init>(NormalMode.java:23)
at Pages.NormalMode.<init>(NormalMode.java:23)
at Pages.NormalMode.<init>(NormalMode.java:23)
at Pages.NormalMode.<init>(NormalMode.java:23)
at Pages.NormalMode.<init>(NormalMode.java:23)
at Pages.NormalMode.<init>(NormalMode.java:23)
at Pages.NormalMode.<init>(NormalMode.java:23)
at Pages.NormalMode.<init>(NormalMode.java:23)
at Pages.NormalMode.<init>(NormalMode.java:23)
at Pages.NormalMode.<init>(NormalMode.java:23)
at Pages.NormalMode.<init>(NormalMode.java:23)
at Pages.NormalMode.<init>(NormalMode.java:23)
at Pages.NormalMode.<init>(NormalMode.java:23)
at Pages.NormalMode.<init>(NormalMode.java:23)
at Pages.NormalMode.<init>(NormalMode.java:23)
at Pages.NormalMode.<init>(NormalMode.java:23)
at Pages.NormalMode.<init>(NormalMode.java:23)
at Pages.NormalMode.<init>(NormalMode.java:23)
at Pages.NormalMode.<init>(NormalMode.java:23)
at Pages.NormalMode.<init>(NormalMode.java:23)
at Pages.NormalMode.<init>(NormalMode.java:23)
at Pages.NormalMode.<init>(NormalMode.java:23)
at Pages.NormalMode.<init>(NormalMode.java:23)
at Pages.NormalMode.<init>(NormalMode.java:23)
at Pages.NormalMode.<init>(NormalMode.java:23)
at Pages.NormalMode.<init>(NormalMode.java:23)
at Pages.NormalMode.<init>(NormalMode.java:23)
at Pages.NormalMode.<init>(NormalMode.java:23)
at Pages.NormalMode.<init>(NormalMode.java:23)
at Pages.NormalMode.<init>(NormalMode.java:23)
at Pages.NormalMode.<init>(NormalMode.java:23)
at Pages.NormalMode.<init>(NormalMode.java:23)
at Pages.NormalMode.<init>(NormalMode.java:23)
at Pages.NormalMode.<init>(NormalMode.java:23)
at Pages.NormalMode.<init>(NormalMode.java:23)
at Pages.NormalMode.<init>(NormalMode.java:23)
at Pages.NormalMode.<init>(NormalMode.java:23)
at Pages.NormalMode.<init>(NormalMode.java:23)
at Pages.NormalMode.<init>(NormalMode.java:23)
at Pages.NormalMode.<init>(NormalMode.java:23)
at Pages.NormalMode.<init>(NormalMode.java:23)
at Pages.NormalMode.<init>(NormalMode.java:23)
at Pages.NormalMode.<init>(NormalMode.java:23)
at Pages.NormalMode.<init>(NormalMode.java:23)
at Pages.NormalMode.<init>(NormalMode.java:23)
at Pages.NormalMode.<init>(NormalMode.java:23)
at Pages.NormalMode.<init>(NormalMode.java:23)
at Pages.NormalMode.<init>(NormalMode.java:23)
at Pages.NormalMode.<init>(NormalMode.java:23)
at Pages.NormalMode.<init>(NormalMode.java:23)
at Pages.NormalMode.<init>(NormalMode.java:23)
at Pages.NormalMode.<init>(NormalMode.java:23)
at Pages.NormalMode.<init>(NormalMode.java:23)
at Pages.NormalMode.<init>(NormalMode.java:23)
at Pages.NormalMode.<init>(NormalMode.java:23)
at Pages.NormalMode.<init>(NormalMode.java:23)
at Pages.NormalMode.<init>(NormalMode.java:23)
at Pages.NormalMode.<init>(NormalMode.java:23)
at Pages.NormalMode.<init>(NormalMode.java:23)
at Pages.NormalMode.<init>(NormalMode.java:23)
at Pages.NormalMode.<init>(NormalMode.java:23)
at Pages.NormalMode.<init>(NormalMode.java:23)
at Pages.NormalMode.<init>(NormalMode.java:23)
at Pages.NormalMode.<init>(NormalMode.java:23)
at Pages.NormalMode.<init>(NormalMode.java:23)
at Pages.NormalMode.<init>(NormalMode.java:23)
at Pages.NormalMode.<init>(NormalMode.java:23)
at Pages.NormalMode.<init>(NormalMode.java:23)
at Pages.NormalMode.<init>(NormalMode.java:23)
at Pages.NormalMode.<init>(NormalMode.java:23)
at Pages.NormalMode.<init>(NormalMode.java:23)
at Pages.NormalMode.<init>(NormalMode.java:23)
at Pages.NormalMode.<init>(NormalMode.java:23)
at Pages.NormalMode.<init>(NormalMode.java:23)
at Pages.NormalMode.<init>(NormalMode.java:23)
at Pages.NormalMode.<init>(NormalMode.java:23)
at Pages.NormalMode.<init>(NormalMode.java:23)
at Pages.NormalMode.<init>(NormalMode.java:23)
at Pages.NormalMode.<init>(NormalMode.java:23)
at Pages.NormalMode.<init>(NormalMode.java:23)
at Pages.NormalMode.<init>(NormalMode.java:23)
at Pages.NormalMode.<init>(NormalMode.java:23)
at Pages.NormalMode.<init>(NormalMode.java:23)
at Pages.NormalMode.<init>(NormalMode.java:23)
at Pages.NormalMode.<init>(NormalMode.java:23)
at Pages.NormalMode.<init>(NormalMode.java:23)
at Pages.NormalMode.<init>(NormalMode.java:23)
at Pages.NormalMode.<init>(NormalMode.java:23)
at Pages.NormalMode.<init>(NormalMode.java:23)
at Pages.NormalMode.<init>(NormalMode.java:23)
at Pages.NormalMode.<init>(NormalMode.java:23)
at Pages.NormalMode.<init>(NormalMode.java:23)
at Pages.NormalMode.<init>(NormalMode.java:23)
at Pages.NormalMode.<init>(NormalMode.java:23)
at Pages.NormalMode.<init>(NormalMode.java:23)
at Pages.NormalMode.<init>(NormalMode.java:23)
at Pages.NormalMode.<init>(NormalMode.java:23)
at Pages.NormalMode.<init>(NormalMode.java:23)
at Pages.NormalMode.<init>(NormalMode.java:23)
at Pages.NormalMode.<init>(NormalMode.java:23)
at Pages.NormalMode.<init>(NormalMode.java:23)
at Pages.NormalMode.<init>(NormalMode.java:23)
at Pages.NormalMode.<init>(NormalMode.java:23)
at Pages.NormalMode.<init>(NormalMode.java:23)
at Pages.NormalMode.<init>(NormalMode.java:23)
at Pages.NormalMode.<init>(NormalMode.java:23)
at Pages.NormalMode.<init>(NormalMode.java:23)
at Pages.NormalMode.<init>(NormalMode.java:23)
at Pages.NormalMode.<init>(NormalMode.java:23)
at Pages.NormalMode.<init>(NormalMode.java:23)
at Pages.NormalMode.<init>(NormalMode.java:23)
at Pages.NormalMode.<init>(NormalMode.java:23)
at Pages.NormalMode.<init>(NormalMode.java:23)
at Pages.NormalMode.<init>(NormalMode.java:23)
at Pages.NormalMode.<init>(NormalMode.java:23)
at Pages.NormalMode.<init>(NormalMode.java:23)
at Pages.NormalMode.<init>(NormalMode.java:23)
at Pages.NormalMode.<init>(NormalMode.java:23)
at Pages.NormalMode.<init>(NormalMode.java:23)
at Pages.NormalMode.<init>(NormalMode.java:23)
at Pages.NormalMode.<init>(NormalMode.java:23)
at Pages.NormalMode.<init>(NormalMode.java:23)
at Pages.NormalMode.<init>(NormalMode.java:23)
at Pages.NormalMode.<init>(NormalMode.java:23)
at Pages.NormalMode.<init>(NormalMode.java:23)
at Pages.NormalMode.<init>(NormalMode.java:23)
at Pages.NormalMode.<init>(NormalMode.java:23)
at Pages.NormalMode.<init>(NormalMode.java:23)
at Pages.NormalMode.<init>(NormalMode.java:23)
at Pages.NormalMode.<init>(NormalMode.java:23)
at Pages.NormalMode.<init>(NormalMode.java:23)
at Pages.NormalMode.<init>(NormalMode.java:23)
at Pages.NormalMode.<init>(NormalMode.java:23)
at Pages.NormalMode.<init>(NormalMode.java:23)
at Pages.NormalMode.<init>(NormalMode.java:23)
at Pages.NormalMode.<init>(NormalMode.java:23)
at Pages.NormalMode.<init>(NormalMode.java:23)
at Pages.NormalMode.<init>(NormalMode.java:23)
at Pages.NormalMode.<init>(NormalMode.java:23)
at Pages.NormalMode.<init>(NormalMode.java:23)
at Pages.NormalMode.<init>(NormalMode.java:23)
at Pages.NormalMode.<init>(NormalMode.java:23)
at Pages.NormalMode.<init>(NormalMode.java:23)
at Pages.NormalMode.<init>(NormalMode.java:23)
at Pages.NormalMode.<init>(NormalMode.java:23)
at Pages.NormalMode.<init>(NormalMode.java:23)
at Pages.NormalMode.<init>(NormalMode.java:23)
at Pages.NormalMode.<init>(NormalMode.java:23)
at Pages.NormalMode.<init>(NormalMode.java:23)
at Pages.NormalMode.<init>(NormalMode.java:23)
at Pages.NormalMode.<init>(NormalMode.java:23)
at Pages.NormalMode.<init>(NormalMode.java:23)
at Pages.NormalMode.<init>(NormalMode.java:23)
at Pages.NormalMode.<init>(NormalMode.java:23)
at Pages.NormalMode.<init>(NormalMode.java:23)
at Pages.NormalMode.<init>(NormalMode.java:23)
at Pages.NormalMode.<init>(NormalMode.java:23)
at Pages.NormalMode.<init>(NormalMode.java:23)
at Pages.NormalMode.<init>(NormalMode.java:23)
at Pages.NormalMode.<init>(NormalMode.java:23)
at Pages.NormalMode.<init>(NormalMode.java:23)
at Pages.NormalMode.<init>(NormalMode.java:23)
at Pages.NormalMode.<init>(NormalMode.java:23)
at Pages.NormalMode.<init>(NormalMode.java:23)
at Pages.NormalMode.<init>(NormalMode.java:23)
at Pages.NormalMode.<init>(NormalMode.java:23)
at Pages.NormalMode.<init>(NormalMode.java:23)
at Pages.NormalMode.<init>(NormalMode.java:23)
at Pages.NormalMode.<init>(NormalMode.java:23)
at Pages.NormalMode.<init>(NormalMode.java:23)
at Pages.NormalMode.<init>(NormalMode.java:23)
at Pages.NormalMode.<init>(NormalMode.java:23)
at Pages.NormalMode.<init>(NormalMode.java:23)
at Pages.NormalMode.<init>(NormalMode.java:23)
at Pages.NormalMode.<init>(NormalMode.java:23)
at Pages.NormalMode.<init>(NormalMode.java:23)
at Pages.NormalMode.<init>(NormalMode.java:23)
at Pages.NormalMode.<init>(NormalMode.java:23)
at Pages.NormalMode.<init>(NormalMode.java:23)
at Pages.NormalMode.<init>(NormalMode.java:23)
at Pages.NormalMode.<init>(NormalMode.java:23)
at Pages.NormalMode.<init>(NormalMode.java:23)
at Pages.NormalMode.<init>(NormalMode.java:23)
at Pages.NormalMode.<init>(NormalMode.java:23)
at Pages.NormalMode.<init>(NormalMode.java:23)
at Pages.NormalMode.<init>(NormalMode.java:23)
at Pages.NormalMode.<init>(NormalMode.java:23)
at Pages.NormalMode.<init>(NormalMode.java:23)
at Pages.NormalMode.<init>(NormalMode.java:23)
at Pages.NormalMode.<init>(NormalMode.java:23)
at Pages.NormalMode.<init>(NormalMode.java:23)
at Pages.NormalMode.<init>(NormalMode.java:23)
at Pages.NormalMode.<init>(NormalMode.java:23)
at Pages.NormalMode.<init>(NormalMode.java:23)
at Pages.NormalMode.<init>(NormalMode.java:23)
at Pages.NormalMode.<init>(NormalMode.java:23)
at Pages.NormalMode.<init>(NormalMode.java:23)
at Pages.NormalMode.<init>(NormalMode.java:23)
at Pages.NormalMode.<init>(NormalMode.java:23)
at Pages.NormalMode.<init>(NormalMode.java:23)
at Pages.NormalMode.<init>(NormalMode.java:23)
at Pages.NormalMode.<init>(NormalMode.java:23)
at Pages.NormalMode.<init>(NormalMode.java:23)
at Pages.NormalMode.<init>(NormalMode.java:23)
at Pages.NormalMode.<init>(NormalMode.java:23)
at Pages.NormalMode.<init>(NormalMode.java:23)
at Pages.NormalMode.<init>(NormalMode.java:23)
at Pages.NormalMode.<init>(NormalMode.java:23)
at Pages.NormalMode.<init>(NormalMode.java:23)
at Pages.NormalMode.<init>(NormalMode.java:23)
at Pages.NormalMode.<init>(NormalMode.java:23)
at Pages.NormalMode.<init>(NormalMode.java:23)
at Pages.NormalMode.<init>(NormalMode.java:23)
at Pages.NormalMode.<init>(NormalMode.java:23)
at Pages.NormalMode.<init>(NormalMode.java:23)
at Pages.NormalMode.<init>(NormalMode.java:23)
at Pages.NormalMode.<init>(NormalMode.java:23)
at Pages.NormalMode.<init>(NormalMode.java:23)
at Pages.NormalMode.<init>(NormalMode.java:23)
at Pages.NormalMode.<init>(NormalMode.java:23)
at Pages.NormalMode.<init>(NormalMode.java:23)
at Pages.NormalMode.<init>(NormalMode.java:23)
at Pages.NormalMode.<init>(NormalMode.java:23)
at Pages.NormalMode.<init>(NormalMode.java:23)
at Pages.NormalMode.<init>(NormalMode.java:23)
at Pages.NormalMode.<init>(NormalMode.java:23)
at Pages.NormalMode.<init>(NormalMode.java:23)
at Pages.NormalMode.<init>(NormalMode.java:23)
at Pages.NormalMode.<init>(NormalMode.java:23)
at Pages.NormalMode.<init>(NormalMode.java:23)
at Pages.NormalMode.<init>(NormalMode.java:23)
at Pages.NormalMode.<init>(NormalMode.java:23)
at Pages.NormalMode.<init>(NormalMode.java:23)
at Pages.NormalMode.<init>(NormalMode.java:23)
at Pages.NormalMode.<init>(NormalMode.java:23)
at Pages.NormalMode.<init>(NormalMode.java:23)
at Pages.NormalMode.<init>(NormalMode.java:23)
at Pages.NormalMode.<init>(NormalMode.java:23)
at Pages.NormalMode.<init>(NormalMode.java:23)
at Pages.NormalMode.<init>(NormalMode.java:23)
at Pages.NormalMode.<init>(NormalMode.java:23)
at Pages.NormalMode.<init>(NormalMode.java:23)
at Pages.NormalMode.<init>(NormalMode.java:23)
at Pages.NormalMode.<init>(NormalMode.java:23)
at Pages.NormalMode.<init>(NormalMode.java:23)
at Pages.NormalMode.<init>(NormalMode.java:23)
at Pages.NormalMode.<init>(NormalMode.java:23)
at Pages.NormalMode.<init>(NormalMode.java:23)
at Pages.NormalMode.<init>(NormalMode.java:23)
at Pages.NormalMode.<init>(NormalMode.java:23)
at Pages.NormalMode.<init>(NormalMode.java:23)
at Pages.NormalMode.<init>(NormalMode.java:23)
at Pages.NormalMode.<init>(NormalMode.java:23)
at Pages.NormalMode.<init>(NormalMode.java:23)
at Pages.NormalMode.<init>(NormalMode.java:23)
at Pages.NormalMode.<init>(NormalMode.java:23)
at Pages.NormalMode.<init>(NormalMode.java:23)
at Pages.NormalMode.<init>(NormalMode.java:23)
at Pages.NormalMode.<init>(NormalMode.java:23)
at Pages.NormalMode.<init>(NormalMode.java:23)
at Pages.NormalMode.<init>(NormalMode.java:23)
at Pages.NormalMode.<init>(NormalMode.java:23)
at Pages.NormalMode.<init>(NormalMode.java:23)
at Pages.NormalMode.<init>(NormalMode.java:23)
at Pages.NormalMode.<init>(NormalMode.java:23)
at Pages.NormalMode.<init>(NormalMode.java:23)
at Pages.NormalMode.<init>(NormalMode.java:23)
at Pages.NormalMode.<init>(NormalMode.java:23)
at Pages.NormalMode.<init>(NormalMode.java:23)
at Pages.NormalMode.<init>(NormalMode.java:23)
at Pages.NormalMode.<init>(NormalMode.java:23)
at Pages.NormalMode.<init>(NormalMode.java:23)
at Pages.NormalMode.<init>(NormalMode.java:23)
at Pages.NormalMode.<init>(NormalMode.java:23)
at Pages.NormalMode.<init>(NormalMode.java:23)
at Pages.NormalMode.<init>(NormalMode.java:23)
at Pages.NormalMode.<init>(NormalMode.java:23)
at Pages.NormalMode.<init>(NormalMode.java:23)
at Pages.NormalMode.<init>(NormalMode.java:23)
at Pages.NormalMode.<init>(NormalMode.java:23)
at Pages.NormalMode.<init>(NormalMode.java:23)
at Pages.NormalMode.<init>(NormalMode.java:23)
at Pages.NormalMode.<init>(NormalMode.java:23)
at Pages.NormalMode.<init>(NormalMode.java:23)
at Pages.NormalMode.<init>(NormalMode.java:23)
at Pages.NormalMode.<init>(NormalMode.java:23)
at Pages.NormalMode.<init>(NormalMode.java:23)
at Pages.NormalMode.<init>(NormalMode.java:23)
at Pages.NormalMode.<init>(NormalMode.java:23)
at Pages.NormalMode.<init>(NormalMode.java:23)
at Pages.NormalMode.<init>(NormalMode.java:23)
at Pages.NormalMode.<init>(NormalMode.java:23)
at Pages.NormalMode.<init>(NormalMode.java:23)
at Pages.NormalMode.<init>(NormalMode.java:23)
at Pages.NormalMode.<init>(NormalMode.java:23)
at Pages.NormalMode.<init>(NormalMode.java:23)
at Pages.NormalMode.<init>(NormalMode.java:23)
at Pages.NormalMode.<init>(NormalMode.java:23)
at Pages.NormalMode.<init>(NormalMode.java:23)
at Pages.NormalMode.<init>(NormalMode.java:23)
at Pages.NormalMode.<init>(NormalMode.java:23)
at Pages.NormalMode.<init>(NormalMode.java:23)
at Pages.NormalMode.<init>(NormalMode.java:23)
at Pages.NormalMode.<init>(NormalMode.java:23)
at Pages.NormalMode.<init>(NormalMode.java:23)
at Pages.NormalMode.<init>(NormalMode.java:23)
at Pages.NormalMode.<init>(NormalMode.java:23)
at Pages.NormalMode.<init>(NormalMode.java:23)
at Pages.NormalMode.<init>(NormalMode.java:23)
at Pages.NormalMode.<init>(NormalMode.java:23)
at Pages.NormalMode.<init>(NormalMode.java:23)
at Pages.NormalMode.<init>(NormalMode.java:23)
at Pages.NormalMode.<init>(NormalMode.java:23)
at Pages.NormalMode.<init>(NormalMode.java:23)
at Pages.NormalMode.<init>(NormalMode.java:23)
at Pages.NormalMode.<init>(NormalMode.java:23)
at Pages.NormalMode.<init>(NormalMode.java:23)
at Pages.NormalMode.<init>(NormalMode.java:23)
at Pages.NormalMode.<init>(NormalMode.java:23)
at Pages.NormalMode.<init>(NormalMode.java:23)
at Pages.NormalMode.<init>(NormalMode.java:23)
at Pages.NormalMode.<init>(NormalMode.java:23)
at Pages.NormalMode.<init>(NormalMode.java:23)
at Pages.NormalMode.<init>(NormalMode.java:23)
at Pages.NormalMode.<init>(NormalMode.java:23)
at Pages.NormalMode.<init>(NormalMode.java:23)
at Pages.NormalMode.<init>(NormalMode.java:23)
at Pages.NormalMode.<init>(NormalMode.java:23)
at Pages.NormalMode.<init>(NormalMode.java:23)
at Pages.NormalMode.<init>(NormalMode.java:23)
at Pages.NormalMode.<init>(NormalMode.java:23)
at Pages.NormalMode.<init>(NormalMode.java:23)
at Pages.NormalMode.<init>(NormalMode.java:23)
at Pages.NormalMode.<init>(NormalMode.java:23)
at Pages.NormalMode.<init>(NormalMode.java:23)
at Pages.NormalMode.<init>(NormalMode.java:23)
at Pages.NormalMode.<init>(NormalMode.java:23)
at Pages.NormalMode.<init>(NormalMode.java:23)
at Pages.NormalMode.<init>(NormalMode.java:23)
at Pages.NormalMode.<init>(NormalMode.java:23)
at Pages.NormalMode.<init>(NormalMode.java:23)
at Pages.NormalMode.<init>(NormalMode.java:23)
at Pages.NormalMode.<init>(NormalMode.java:23)
at Pages.NormalMode.<init>(NormalMode.java:23)
at Pages.NormalMode.<init>(NormalMode.java:23)
at Pages.NormalMode.<init>(NormalMode.java:23)
at Pages.NormalMode.<init>(NormalMode.java:23)
at Pages.NormalMode.<init>(NormalMode.java:23)
at Pages.NormalMode.<init>(NormalMode.java:23)
at Pages.NormalMode.<init>(NormalMode.java:23)
at Pages.NormalMode.<init>(NormalMode.java:23)
at Pages.NormalMode.<init>(NormalMode.java:23)
at Pages.NormalMode.<init>(NormalMode.java:23)
at Pages.NormalMode.<init>(NormalMode.java:23)
at Pages.NormalMode.<init>(NormalMode.java:23)
at Pages.NormalMode.<init>(NormalMode.java:23)
at Pages.NormalMode.<init>(NormalMode.java:23)
at Pages.NormalMode.<init>(NormalMode.java:23)
at Pages.NormalMode.<init>(NormalMode.java:23)
at Pages.NormalMode.<init>(NormalMode.java:23)
at Pages.NormalMode.<init>(NormalMode.java:23)
at Pages.NormalMode.<init>(NormalMode.java:23)
at Pages.NormalMode.<init>(NormalMode.java:23)
at Pages.NormalMode.<init>(NormalMode.java:23)
at Pages.NormalMode.<init>(NormalMode.java:23)
at Pages.NormalMode.<init>(NormalMode.java:23)
at Pages.NormalMode.<init>(NormalMode.java:23)
at Pages.NormalMode.<init>(NormalMode.java:23)
at Pages.NormalMode.<init>(NormalMode.java:23)
at Pages.NormalMode.<init>(NormalMode.java:23)
at Pages.NormalMode.<init>(NormalMode.java:23)
at Pages.NormalMode.<init>(NormalMode.java:23)
at Pages.NormalMode.<init>(NormalMode.java:23)
at Pages.NormalMode.<init>(NormalMode.java:23)
at Pages.NormalMode.<init>(NormalMode.java:23)
at Pages.NormalMode.<init>(NormalMode.java:23)
at Pages.NormalMode.<init>(NormalMode.java:23)
at Pages.NormalMode.<init>(NormalMode.java:23)
at Pages.NormalMode.<init>(NormalMode.java:23)
at Pages.NormalMode.<init>(NormalMode.java:23)
at Pages.NormalMode.<init>(NormalMode.java:23)
at Pages.NormalMode.<init>(NormalMode.java:23)
at Pages.NormalMode.<init>(NormalMode.java:23)
at Pages.NormalMode.<init>(NormalMode.java:23)
at Pages.NormalMode.<init>(NormalMode.java:23)
at Pages.NormalMode.<init>(NormalMode.java:23)
at Pages.NormalMode.<init>(NormalMode.java:23)
at Pages.NormalMode.<init>(NormalMode.java:23)
at Pages.NormalMode.<init>(NormalMode.java:23)
at Pages.NormalMode.<init>(NormalMode.java:23)
at Pages.NormalMode.<init>(NormalMode.java:23)
at Pages.NormalMode.<init>(NormalMode.java:23)
at Pages.NormalMode.<init>(NormalMode.java:23)
at Pages.NormalMode.<init>(NormalMode.java:23)
at Pages.NormalMode.<init>(NormalMode.java:23)
at Pages.NormalMode.<init>(NormalMode.java:23)
at Pages.NormalMode.<init>(NormalMode.java:23)
at Pages.NormalMode.<init>(NormalMode.java:23)
at Pages.NormalMode.<init>(NormalMode.java:23)
at Pages.NormalMode.<init>(NormalMode.java:23)
at Pages.NormalMode.<init>(NormalMode.java:23)
at Pages.NormalMode.<init>(NormalMode.java:23)
at Pages.NormalMode.<init>(NormalMode.java:23)
at Pages.NormalMode.<init>(NormalMode.java:23)
at Pages.NormalMode.<init>(NormalMode.java:23)
at Pages.NormalMode.<init>(NormalMode.java:23)
at Pages.NormalMode.<init>(NormalMode.java:23)
at Pages.NormalMode.<init>(NormalMode.java:23)
at Pages.NormalMode.<init>(NormalMode.java:23)
at Pages.NormalMode.<init>(NormalMode.java:23)
at Pages.NormalMode.<init>(NormalMode.java:23)
at Pages.NormalMode.<init>(NormalMode.java:23)
at Pages.NormalMode.<init>(NormalMode.java:23)
at Pages.NormalMode.<init>(NormalMode.java:23)
at Pages.NormalMode.<init>(NormalMode.java:23)
at Pages.NormalMode.<init>(NormalMode.java:23)
at Pages.NormalMode.<init>(NormalMode.java:23)
at Pages.NormalMode.<init>(NormalMode.java:23)
at Pages.NormalMode.<init>(NormalMode.java:23)
at Pages.NormalMode.<init>(NormalMode.java:23)
at Pages.NormalMode.<init>(NormalMode.java:23)
at Pages.NormalMode.<init>(NormalMode.java:23)
at Pages.NormalMode.<init>(NormalMode.java:23)
at Pages.NormalMode.<init>(NormalMode.java:23)
at Pages.NormalMode.<init>(NormalMode.java:23)
at Pages.NormalMode.<init>(NormalMode.java:23)
at Pages.NormalMode.<init>(NormalMode.java:23)
at Pages.NormalMode.<init>(NormalMode.java:23)
at Pages.NormalMode.<init>(NormalMode.java:23)
at Pages.NormalMode.<init>(NormalMode.java:23)
at Pages.NormalMode.<init>(NormalMode.java:23)
at Pages.NormalMode.<init>(NormalMode.java:23)
at Pages.NormalMode.<init>(NormalMode.java:23)
at Pages.NormalMode.<init>(NormalMode.java:23)
at Pages.NormalMode.<init>(NormalMode.java:23)
at Pages.NormalMode.<init>(NormalMode.java:23)
at Pages.NormalMode.<init>(NormalMode.java:23)
at Pages.NormalMode.<init>(NormalMode.java:23)
at Pages.NormalMode.<init>(NormalMode.java:23)
at Pages.NormalMode.<init>(NormalMode.java:23)
at Pages.NormalMode.<init>(NormalMode.java:23)
at Pages.NormalMode.<init>(NormalMode.java:23)
at Pages.NormalMode.<init>(NormalMode.java:23)
at Pages.NormalMode.<init>(NormalMode.java:23)
at Pages.NormalMode.<init>(NormalMode.java:23)
at Pages.NormalMode.<init>(NormalMode.java:23)
at Pages.NormalMode.<init>(NormalMode.java:23)
at Pages.NormalMode.<init>(NormalMode.java:23)
at Pages.NormalMode.<init>(NormalMode.java:23)
at Pages.NormalMode.<init>(NormalMode.java:23)
at Pages.NormalMode.<init>(NormalMode.java:23)
at Pages.NormalMode.<init>(NormalMode.java:23)
at Pages.NormalMode.<init>(NormalMode.java:23)
at Pages.NormalMode.<init>(NormalMode.java:23)
at Pages.NormalMode.<init>(NormalMode.java:23)
at Pages.NormalMode.<init>(NormalMode.java:23)
at Pages.NormalMode.<init>(NormalMode.java:23)
at Pages.NormalMode.<init>(NormalMode.java:23)
at Pages.NormalMode.<init>(NormalMode.java:23)
at Pages.NormalMode.<init>(NormalMode.java:23)
at Pages.NormalMode.<init>(NormalMode.java:23)
at Pages.NormalMode.<init>(NormalMode.java:23)
at Pages.NormalMode.<init>(NormalMode.java:23)
at Pages.NormalMode.<init>(NormalMode.java:23)
at Pages.NormalMode.<init>(NormalMode.java:23)
at Pages.NormalMode.<init>(NormalMode.java:23)
at Pages.NormalMode.<init>(NormalMode.java:23)
at Pages.NormalMode.<init>(NormalMode.java:23)
at Pages.NormalMode.<init>(NormalMode.java:23)
at Pages.NormalMode.<init>(NormalMode.java:23)
at Pages.NormalMode.<init>(NormalMode.java:23)
at Pages.NormalMode.<init>(NormalMode.java:23)
at Pages.NormalMode.<init>(NormalMode.java:23)
at Pages.NormalMode.<init>(NormalMode.java:23)
at Pages.NormalMode.<init>(NormalMode.java:23)
at Pages.NormalMode.<init>(NormalMode.java:23)
at Pages.NormalMode.<init>(NormalMode.java:23)
at Pages.NormalMode.<init>(NormalMode.java:23)
at Pages.NormalMode.<init>(NormalMode.java:23)
at Pages.NormalMode.<init>(NormalMode.java:23)
at Pages.NormalMode.<init>(NormalMode.java:23)
at Pages.NormalMode.<init>(NormalMode.java:23)
at Pages.NormalMode.<init>(NormalMode.java:23)
at Pages.NormalMode.<init>(NormalMode.java:23)
at Pages.NormalMode.<init>(NormalMode.java:23)
at Pages.NormalMode.<init>(NormalMode.java:23)
at Pages.NormalMode.<init>(NormalMode.java:23)
at Pages.NormalMode.<init>(NormalMode.java:23)
at Pages.NormalMode.<init>(NormalMode.java:23)
at Pages.NormalMode.<init>(NormalMode.java:23)
at Pages.NormalMode.<init>(NormalMode.java:23)
at Pages.NormalMode.<init>(NormalMode.java:23)
at Pages.NormalMode.<init>(NormalMode.java:23)
at Pages.NormalMode.<init>(NormalMode.java:23)
at Pages.NormalMode.<init>(NormalMode.java:23)
at Pages.NormalMode.<init>(NormalMode.java:23)
at Pages.NormalMode.<init>(NormalMode.java:23)
at Pages.NormalMode.<init>(NormalMode.java:23)
at Pages.NormalMode.<init>(NormalMode.java:23)
at Pages.NormalMode.<init>(NormalMode.java:23)
at Pages.NormalMode.<init>(NormalMode.java:23)
at Pages.NormalMode.<init>(NormalMode.java:23)
at Pages.NormalMode.<init>(NormalMode.java:23)
at Pages.NormalMode.<init>(NormalMode.java:23)
at Pages.NormalMode.<init>(NormalMode.java:23)
at Pages.NormalMode.<init>(NormalMode.java:23)
at Pages.NormalMode.<init>(NormalMode.java:23)
at Pages.NormalMode.<init>(NormalMode.java:23)
at Pages.NormalMode.<init>(NormalMode.java:23)
at Pages.NormalMode.<init>(NormalMode.java:23)
at Pages.NormalMode.<init>(NormalMode.java:23)
at Pages.NormalMode.<init>(NormalMode.java:23)
at Pages.NormalMode.<init>(NormalMode.java:23)
at Pages.NormalMode.<init>(NormalMode.java:23)
at Pages.NormalMode.<init>(NormalMode.java:23)
at Pages.NormalMode.<init>(NormalMode.java:23)
at Pages.NormalMode.<init>(NormalMode.java:23)
at Pages.NormalMode.<init>(NormalMode.java:23)
at Pages.NormalMode.<init>(NormalMode.java:23)
at Pages.NormalMode.<init>(NormalMode.java:23)
at Pages.NormalMode.<init>(NormalMode.java:23)
at Pages.NormalMode.<init>(NormalMode.java:23)
at Pages.NormalMode.<init>(NormalMode.java:23)
at Pages.NormalMode.<init>(NormalMode.java:23)
at Pages.NormalMode.<init>(NormalMode.java:23)
at Pages.NormalMode.<init>(NormalMode.java:23)
at Pages.NormalMode.<init>(NormalMode.java:23)
at Pages.NormalMode.<init>(NormalMode.java:23)
at Pages.NormalMode.<init>(NormalMode.java:23)
at Pages.NormalMode.<init>(NormalMode.java:23)
at Pages.NormalMode.<init>(NormalMode.java:23)
at Pages.NormalMode.<init>(NormalMode.java:23)
at Pages.NormalMode.<init>(NormalMode.java:23)
at Pages.NormalMode.<init>(NormalMode.java:23)
at Pages.NormalMode.<init>(NormalMode.java:23)
at Pages.NormalMode.<init>(NormalMode.java:23)
at Pages.NormalMode.<init>(NormalMode.java:23)
at Pages.NormalMode.<init>(NormalMode.java:23)
at Pages.NormalMode.<init>(NormalMode.java:23)
at Pages.NormalMode.<init>(NormalMode.java:23)
at Pages.NormalMode.<init>(NormalMode.java:23)
at Pages.NormalMode.<init>(NormalMode.java:23)
at Pages.NormalMode.<init>(NormalMode.java:23)
at Pages.NormalMode.<init>(NormalMode.java:23)
at Pages.NormalMode.<init>(NormalMode.java:23)
at Pages.NormalMode.<init>(NormalMode.java:23)
at Pages.NormalMode.<init>(NormalMode.java:23)
at Pages.NormalMode.<init>(NormalMode.java:23)
at Pages.NormalMode.<init>(NormalMode.java:23)
at Pages.NormalMode.<init>(NormalMode.java:23)
at Pages.NormalMode.<init>(NormalMode.java:23)
at Pages.NormalMode.<init>(NormalMode.java:23)
at Pages.NormalMode.<init>(NormalMode.java:23)
at Pages.NormalMode.<init>(NormalMode.java:23)
at Pages.NormalMode.<init>(NormalMode.java:23)
at Pages.NormalMode.<init>(NormalMode.java:23)
at Pages.NormalMode.<init>(NormalMode.java:23)
at Pages.NormalMode.<init>(NormalMode.java:23)
at Pages.NormalMode.<init>(NormalMode.java:23)
at Pages.NormalMode.<init>(NormalMode.java:23)
at Pages.NormalMode.<init>(NormalMode.java:23)
at Pages.NormalMode.<init>(NormalMode.java:23)
at Pages.NormalMode.<init>(NormalMode.java:23)
at Pages.NormalMode.<init>(NormalMode.java:23)
at Pages.NormalMode.<init>(NormalMode.java:23)
at Pages.NormalMode.<init>(NormalMode.java:23)
at Pages.NormalMode.<init>(NormalMode.java:23)
at Pages.NormalMode.<init>(NormalMode.java:23)
at Pages.NormalMode.<init>(NormalMode.java:23)
at Pages.NormalMode.<init>(NormalMode.java:23)
at Pages.NormalMode.<init>(NormalMode.java:23)
at Pages.NormalMode.<init>(NormalMode.java:23)
at Pages.NormalMode.<init>(NormalMode.java:23)
at Pages.NormalMode.<init>(NormalMode.java:23)
at Pages.NormalMode.<init>(NormalMode.java:23)
at Pages.NormalMode.<init>(NormalMode.java:23)
at Pages.NormalMode.<init>(NormalMode.java:23)
at Pages.NormalMode.<init>(NormalMode.java:23)
at Pages.NormalMode.<init>(NormalMode.java:23)
at Pages.NormalMode.<init>(NormalMode.java:23)
at Pages.NormalMode.<init>(NormalMode.java:23)
at Pages.NormalMode.<init>(NormalMode.java:23)
at Pages.NormalMode.<init>(NormalMode.java:23)
at Pages.NormalMode.<init>(NormalMode.java:23)
at Pages.NormalMode.<init>(NormalMode.java:23)
at Pages.NormalMode.<init>(NormalMode.java:23)
at Pages.NormalMode.<init>(NormalMode.java:23)
at Pages.NormalMode.<init>(NormalMode.java:23)
at Pages.NormalMode.<init>(NormalMode.java:23)
at Pages.NormalMode.<init>(NormalMode.java:23)
at Pages.NormalMode.<init>(NormalMode.java:23)
at Pages.NormalMode.<init>(NormalMode.java:23)
at Pages.NormalMode.<init>(NormalMode.java:23)
at Pages.NormalMode.<init>(NormalMode.java:23)
at Pages.NormalMode.<init>(NormalMode.java:23)
at Pages.NormalMode.<init>(NormalMode.java:23)
at Pages.NormalMode.<init>(NormalMode.java:23)
at Pages.NormalMode.<init>(NormalMode.java:23)
at Pages.NormalMode.<init>(NormalMode.java:23)
at Pages.NormalMode.<init>(NormalMode.java:23)
at Pages.NormalMode.<init>(NormalMode.java:23)
at Pages.NormalMode.<init>(NormalMode.java:23)
at Pages.NormalMode.<init>(NormalMode.java:23)
at Pages.NormalMode.<init>(NormalMode.java:23)
at Pages.NormalMode.<init>(NormalMode.java:23)
at Pages.NormalMode.<init>(NormalMode.java:23)
at Pages.NormalMode.<init>(NormalMode.java:23)
at Pages.NormalMode.<init>(NormalMode.java:23)
at Pages.NormalMode.<init>(NormalMode.java:23)
at Pages.NormalMode.<init>(NormalMode.java:23)
at Pages.NormalMode.<init>(NormalMode.java:23)
at Pages.NormalMode.<init>(NormalMode.java:23)
at Pages.NormalMode.<init>(NormalMode.java:23)
at Pages.NormalMode.<init>(NormalMode.java:23)
at Pages.NormalMode.<init>(NormalMode.java:23)
at Pages.NormalMode.<init>(NormalMode.java:23)
at Pages.NormalMode.<init>(NormalMode.java:23)
at Pages.NormalMode.<init>(NormalMode.java:23)
at Pages.NormalMode.<init>(NormalMode.java:23)
at Pages.NormalMode.<init>(NormalMode.java:23)
at Pages.NormalMode.<init>(NormalMode.java:23)
at Pages.NormalMode.<init>(NormalMode.java:23)
at Pages.NormalMode.<init>(NormalMode.java:23)
at Pages.NormalMode.<init>(NormalMode.java:23)
at Pages.NormalMode.<init>(NormalMode.java:23)
at Pages.NormalMode.<init>(NormalMode.java:23)
at Pages.NormalMode.<init>(NormalMode.java:23)
at Pages.NormalMode.<init>(NormalMode.java:23)
at Pages.NormalMode.<init>(NormalMode.java:23)
at Pages.NormalMode.<init>(NormalMode.java:23)
at Pages.NormalMode.<init>(NormalMode.java:23)
at Pages.NormalMode.<init>(NormalMode.java:23)
at Pages.NormalMode.<init>(NormalMode.java:23)
at Pages.NormalMode.<init>(NormalMode.java:23)
at Pages.NormalMode.<init>(NormalMode.java:23)
at Pages.NormalMode.<init>(NormalMode.java:23)
at Pages.NormalMode.<init>(NormalMode.java:23)
at Pages.NormalMode.<init>(NormalMode.java:23)
at Pages.NormalMode.<init>(NormalMode.java:23)
at Pages.NormalMode.<init>(NormalMode.java:23)
at Pages.NormalMode.<init>(NormalMode.java:23)
at Pages.NormalMode.<init>(NormalMode.java:23)
at Pages.NormalMode.<init>(NormalMode.java:23)
at Pages.NormalMode.<init>(NormalMode.java:23)
at Pages.NormalMode.<init>(NormalMode.java:23)
at Pages.NormalMode.<init>(NormalMode.java:23)
at Pages.NormalMode.<init>(NormalMode.java:23)
at Pages.NormalMode.<init>(NormalMode.java:23)
at Pages.NormalMode.<init>(NormalMode.java:23)
at Pages.NormalMode.<init>(NormalMode.java:23)
at Pages.NormalMode.<init>(NormalMode.java:23)
at Pages.NormalMode.<init>(NormalMode.java:23)
at Pages.NormalMode.<init>(NormalMode.java:23)
at Pages.NormalMode.<init>(NormalMode.java:23)
at Pages.NormalMode.<init>(NormalMode.java:23)
at Pages.NormalMode.<init>(NormalMode.java:23)
at Pages.NormalMode.<init>(NormalMode.java:23)
at Pages.NormalMode.<init>(NormalMode.java:23)
at Pages.NormalMode.<init>(NormalMode.java:23)
at Pages.NormalMode.<init>(NormalMode.java:23)
at Pages.NormalMode.<init>(NormalMode.java:23)
at Pages.NormalMode.<init>(NormalMode.java:23)
at Pages.NormalMode.<init>(NormalMode.java:23)
at Pages.NormalMode.<init>(NormalMode.java:23)
at Pages.NormalMode.<init>(NormalMode.java:23)
at Pages.NormalMode.<init>(NormalMode.java:23)
at Pages.NormalMode.<init>(NormalMode.java:23)
at Pages.NormalMode.<init>(NormalMode.java:23)
at Pages.NormalMode.<init>(NormalMode.java:23)
at Pages.NormalMode.<init>(NormalMode.java:23)
at Pages.NormalMode.<init>(NormalMode.java:23)
at Pages.NormalMode.<init>(NormalMode.java:23)
at Pages.NormalMode.<init>(NormalMode.java:23)
at Pages.NormalMode.<init>(NormalMode.java:23)
at Pages.NormalMode.<init>(NormalMode.java:23)
at Pages.NormalMode.<init>(NormalMode.java:23)
at Pages.NormalMode.<init>(NormalMode.java:23)
at Pages.NormalMode.<init>(NormalMode.java:23)
at Pages.NormalMode.<init>(NormalMode.java:23)
at Pages.NormalMode.<init>(NormalMode.java:23)
at Pages.NormalMode.<init>(NormalMode.java:23)
at Pages.NormalMode.<init>(NormalMode.java:23)
at Pages.NormalMode.<init>(NormalMode.java:23)
at Pages.NormalMode.<init>(NormalMode.java:23)
at Pages.NormalMode.<init>(NormalMode.java:23)
at Pages.NormalMode.<init>(NormalMode.java:23)
at Pages.NormalMode.<init>(NormalMode.java:23)
at Pages.NormalMode.<init>(NormalMode.java:23)
at Pages.NormalMode.<init>(NormalMode.java:23)
at Pages.NormalMode.<init>(NormalMode.java:23)
at Pages.NormalMode.<init>(NormalMode.java:23)
at Pages.NormalMode.<init>(NormalMode.java:23)
at Pages.NormalMode.<init>(NormalMode.java:23)
at Pages.NormalMode.<init>(NormalMode.java:23)
at Pages.NormalMode.<init>(NormalMode.java:23)
at Pages.NormalMode.<init>(NormalMode.java:23)
at Pages.NormalMode.<init>(NormalMode.java:23)
at Pages.NormalMode.<init>(NormalMode.java:23)
at Pages.NormalMode.<init>(NormalMode.java:23)
at Pages.NormalMode.<init>(NormalMode.java:23)
at Pages.NormalMode.<init>(NormalMode.java:23)
at Pages.NormalMode.<init>(NormalMode.java:23)
at Pages.NormalMode.<init>(NormalMode.java:23)
at Pages.NormalMode.<init>(NormalMode.java:23)
at Pages.NormalMode.<init>(NormalMode.java:23)
at Pages.NormalMode.<init>(NormalMode.java:23)
at Pages.NormalMode.<init>(NormalMode.java:23)
at Pages.NormalMode.<init>(NormalMode.java:23)
at Pages.NormalMode.<init>(NormalMode.java:23)
at Pages.NormalMode.<init>(NormalMode.java:23)
at Pages.NormalMode.<init>(NormalMode.java:23)
at Pages.NormalMode.<init>(NormalMode.java:23)
at Pages.NormalMode.<init>(NormalMode.java:23)
at Pages.NormalMode.<init>(NormalMode.java:23)
at Pages.NormalMode.<init>(NormalMode.java:23)
at Pages.NormalMode.<init>(NormalMode.java:23)
at Pages.NormalMode.<init>(NormalMode.java:23)
at Pages.NormalMode.<init>(NormalMode.java:23)
at Pages.NormalMode.<init>(NormalMode.java:23)
at Pages.NormalMode.<init>(NormalMode.java:23)
at Pages.NormalMode.<init>(NormalMode.java:23)
at Pages.NormalMode.<init>(NormalMode.java:23)
at Pages.NormalMode.<init>(NormalMode.java:23)
at Pages.NormalMode.<init>(NormalMode.java:23)
]]>
            </full-stacktrace>
          </exception> <!-- cucumber.runtime.CucumberException -->
          <reporter-output>
          </reporter-output>
        </test-method> <!-- feature -->
        <test-method status="PASS" signature="tearDown()[pri:0, instance:Runner.TestRunner@5b87ed94]" name="tearDown" is-config="true" duration-ms="221" started-at="2020-05-02T13:08:41Z" finished-at="2020-05-02T13:08:41Z">
          <reporter-output>
          </reporter-output>
        </test-method> <!-- tearDown -->
      </class> <!-- Runner.TestRunner -->
    </test> <!-- Default test -->
  </suite> <!-- Default suite -->
</testng-results>
